<?xml version="1.0" encoding="UTF-8"?>
<!-- Generated by org.testng.reporters.JUnitReportReporter -->
<testsuite hostname="saikrishna-PC" name="TestNG.Dataproviderconcept" tests="2" failures="0" timestamp="2 Oct 2019 06:34:00 GMT" time="71.632" errors="0">
  <testcase name="f" time="33.464" classname="TestNG.Dataproviderconcept"/>
  <testcase name="f" time="38.168" classname="TestNG.Dataproviderconcept"/>
</testsuite> <!-- TestNG.Dataproviderconcept -->
